find_header: checking for sqlite3.h... -------------------- yes

"/usr/bin/clang -o conftest -I/Users/alex/.rvm/rubies/ruby-2.0.0-p0/include/ruby-2.0.0/x86_64-darwin12.3.0 -I/Users/alex/.rvm/rubies/ruby-2.0.0-p0/include/ruby-2.0.0/ruby/backward -I/Users/alex/.rvm/rubies/ruby-2.0.0-p0/include/ruby-2.0.0 -I. -D_XOPEN_SOURCE -D_DARWIN_C_SOURCE -D_DARWIN_UNLIMITED_SELECT -D_REENTRANT -I/Users/alex/.rvm/opt/libyaml/include -I/Users/alex/.rvm/opt/readline/include -I/Users/alex/.rvm/opt/libxml2/include -I/Users/alex/.rvm/opt/libxslt/include -I/Users/alex/.rvm/opt/libksba/include -I/Users/alex/.rvm/opt/openssl/include -I/Users/alex/.rvm/opt/sqlite/include    -O3 -fno-fast-math -ggdb3 -Wall -Wextra -Wno-unused-parameter -Wno-parentheses -Wno-long-long -Wno-missing-field-initializers -Wunused-variable -Wpointer-arith -Wwrite-strings -Wdeclaration-after-statement -Wshorten-64-to-32 -Wimplicit-function-declaration  -fno-common -pipe conftest.c  -L. -L/Users/alex/.rvm/rubies/ruby-2.0.0-p0/lib -L/Users/alex/.rvm/opt/libyaml/lib -L/Users/alex/.rvm/opt/readline/lib -L/Users/alex/.rvm/opt/libxml2/lib -L/Users/alex/.rvm/opt/libxslt/lib -L/Users/alex/.rvm/opt/libksba/lib -L/Users/alex/.rvm/opt/openssl/lib -L/Users/alex/.rvm/opt/sqlite/lib -L. -fstack-protector -L/Users/alex/.rvm/opt/libyaml/lib -L/Users/alex/.rvm/opt/readline/lib -L/Users/alex/.rvm/opt/libxml2/lib -L/Users/alex/.rvm/opt/libxslt/lib -L/Users/alex/.rvm/opt/libksba/lib -L/Users/alex/.rvm/opt/openssl/lib -L/Users/alex/.rvm/opt/sqlite/lib      -lruby.2.0.0  -lpthread -ldl -lobjc "
checked program was:
/* begin */
1: #include "ruby.h"
2: 
3: int main(void) {return 0;}
/* end */

"/usr/bin/clang -E -I/Users/alex/.rvm/rubies/ruby-2.0.0-p0/include/ruby-2.0.0/x86_64-darwin12.3.0 -I/Users/alex/.rvm/rubies/ruby-2.0.0-p0/include/ruby-2.0.0/ruby/backward -I/Users/alex/.rvm/rubies/ruby-2.0.0-p0/include/ruby-2.0.0 -I. -D_XOPEN_SOURCE -D_DARWIN_C_SOURCE -D_DARWIN_UNLIMITED_SELECT -D_REENTRANT -I/Users/alex/.rvm/opt/libyaml/include -I/Users/alex/.rvm/opt/readline/include -I/Users/alex/.rvm/opt/libxml2/include -I/Users/alex/.rvm/opt/libxslt/include -I/Users/alex/.rvm/opt/libksba/include -I/Users/alex/.rvm/opt/openssl/include -I/Users/alex/.rvm/opt/sqlite/include    -O3 -fno-fast-math -ggdb3 -Wall -Wextra -Wno-unused-parameter -Wno-parentheses -Wno-long-long -Wno-missing-field-initializers -Wunused-variable -Wpointer-arith -Wwrite-strings -Wdeclaration-after-statement -Wshorten-64-to-32 -Wimplicit-function-declaration  -fno-common -pipe  conftest.c -o conftest.i"
checked program was:
/* begin */
1: #include "ruby.h"
2: 
3: #include <sqlite3.h>
/* end */

--------------------

find_library: checking for sqlite3_libversion_number()... -------------------- -lsqlite3

"/usr/bin/clang -o conftest -I/Users/alex/.rvm/rubies/ruby-2.0.0-p0/include/ruby-2.0.0/x86_64-darwin12.3.0 -I/Users/alex/.rvm/rubies/ruby-2.0.0-p0/include/ruby-2.0.0/ruby/backward -I/Users/alex/.rvm/rubies/ruby-2.0.0-p0/include/ruby-2.0.0 -I. -D_XOPEN_SOURCE -D_DARWIN_C_SOURCE -D_DARWIN_UNLIMITED_SELECT -D_REENTRANT -I/Users/alex/.rvm/opt/libyaml/include -I/Users/alex/.rvm/opt/readline/include -I/Users/alex/.rvm/opt/libxml2/include -I/Users/alex/.rvm/opt/libxslt/include -I/Users/alex/.rvm/opt/libksba/include -I/Users/alex/.rvm/opt/openssl/include -I/Users/alex/.rvm/opt/sqlite/include    -O3 -fno-fast-math -ggdb3 -Wall -Wextra -Wno-unused-parameter -Wno-parentheses -Wno-long-long -Wno-missing-field-initializers -Wunused-variable -Wpointer-arith -Wwrite-strings -Wdeclaration-after-statement -Wshorten-64-to-32 -Wimplicit-function-declaration  -fno-common -pipe conftest.c  -L. -L/Users/alex/.rvm/rubies/ruby-2.0.0-p0/lib -L/Users/alex/.rvm/opt/libyaml/lib -L/Users/alex/.rvm/opt/readline/lib -L/Users/alex/.rvm/opt/libxml2/lib -L/Users/alex/.rvm/opt/libxslt/lib -L/Users/alex/.rvm/opt/libksba/lib -L/Users/alex/.rvm/opt/openssl/lib -L/Users/alex/.rvm/opt/sqlite/lib -L. -fstack-protector -L/Users/alex/.rvm/opt/libyaml/lib -L/Users/alex/.rvm/opt/readline/lib -L/Users/alex/.rvm/opt/libxml2/lib -L/Users/alex/.rvm/opt/libxslt/lib -L/Users/alex/.rvm/opt/libksba/lib -L/Users/alex/.rvm/opt/openssl/lib -L/Users/alex/.rvm/opt/sqlite/lib      -lruby.2.0.0 -lsqlite3  -lpthread -ldl -lobjc "
conftest.c:6:57: error: use of undeclared identifier 'sqlite3_libversion_number'
int t(void) { void ((*volatile p)()); p = (void ((*)()))sqlite3_libversion_number; return 0; }
                                                        ^
1 error generated.
checked program was:
/* begin */
1: #include "ruby.h"
2: 
3: /*top*/
4: int main(void) {return 0;}
5: extern int t(void);
6: int t(void) { void ((*volatile p)()); p = (void ((*)()))sqlite3_libversion_number; return 0; }
/* end */

"/usr/bin/clang -o conftest -I/Users/alex/.rvm/rubies/ruby-2.0.0-p0/include/ruby-2.0.0/x86_64-darwin12.3.0 -I/Users/alex/.rvm/rubies/ruby-2.0.0-p0/include/ruby-2.0.0/ruby/backward -I/Users/alex/.rvm/rubies/ruby-2.0.0-p0/include/ruby-2.0.0 -I. -D_XOPEN_SOURCE -D_DARWIN_C_SOURCE -D_DARWIN_UNLIMITED_SELECT -D_REENTRANT -I/Users/alex/.rvm/opt/libyaml/include -I/Users/alex/.rvm/opt/readline/include -I/Users/alex/.rvm/opt/libxml2/include -I/Users/alex/.rvm/opt/libxslt/include -I/Users/alex/.rvm/opt/libksba/include -I/Users/alex/.rvm/opt/openssl/include -I/Users/alex/.rvm/opt/sqlite/include    -O3 -fno-fast-math -ggdb3 -Wall -Wextra -Wno-unused-parameter -Wno-parentheses -Wno-long-long -Wno-missing-field-initializers -Wunused-variable -Wpointer-arith -Wwrite-strings -Wdeclaration-after-statement -Wshorten-64-to-32 -Wimplicit-function-declaration  -fno-common -pipe conftest.c  -L. -L/Users/alex/.rvm/rubies/ruby-2.0.0-p0/lib -L/Users/alex/.rvm/opt/libyaml/lib -L/Users/alex/.rvm/opt/readline/lib -L/Users/alex/.rvm/opt/libxml2/lib -L/Users/alex/.rvm/opt/libxslt/lib -L/Users/alex/.rvm/opt/libksba/lib -L/Users/alex/.rvm/opt/openssl/lib -L/Users/alex/.rvm/opt/sqlite/lib -L. -fstack-protector -L/Users/alex/.rvm/opt/libyaml/lib -L/Users/alex/.rvm/opt/readline/lib -L/Users/alex/.rvm/opt/libxml2/lib -L/Users/alex/.rvm/opt/libxslt/lib -L/Users/alex/.rvm/opt/libksba/lib -L/Users/alex/.rvm/opt/openssl/lib -L/Users/alex/.rvm/opt/sqlite/lib      -lruby.2.0.0 -lsqlite3  -lpthread -ldl -lobjc "
conftest.c:6:15: warning: implicit declaration of function 'sqlite3_libversion_number' is invalid in C99 [-Wimplicit-function-declaration]
int t(void) { sqlite3_libversion_number(); return 0; }
              ^
1 warning generated.
checked program was:
/* begin */
1: #include "ruby.h"
2: 
3: /*top*/
4: int main(void) {return 0;}
5: extern int t(void);
6: int t(void) { sqlite3_libversion_number(); return 0; }
/* end */

--------------------

have_func: checking for rb_proc_arity()... -------------------- yes

"/usr/bin/clang -o conftest -I/Users/alex/.rvm/rubies/ruby-2.0.0-p0/include/ruby-2.0.0/x86_64-darwin12.3.0 -I/Users/alex/.rvm/rubies/ruby-2.0.0-p0/include/ruby-2.0.0/ruby/backward -I/Users/alex/.rvm/rubies/ruby-2.0.0-p0/include/ruby-2.0.0 -I. -D_XOPEN_SOURCE -D_DARWIN_C_SOURCE -D_DARWIN_UNLIMITED_SELECT -D_REENTRANT -I/Users/alex/.rvm/opt/libyaml/include -I/Users/alex/.rvm/opt/readline/include -I/Users/alex/.rvm/opt/libxml2/include -I/Users/alex/.rvm/opt/libxslt/include -I/Users/alex/.rvm/opt/libksba/include -I/Users/alex/.rvm/opt/openssl/include -I/Users/alex/.rvm/opt/sqlite/include    -O3 -fno-fast-math -ggdb3 -Wall -Wextra -Wno-unused-parameter -Wno-parentheses -Wno-long-long -Wno-missing-field-initializers -Wunused-variable -Wpointer-arith -Wwrite-strings -Wdeclaration-after-statement -Wshorten-64-to-32 -Wimplicit-function-declaration  -fno-common -pipe conftest.c  -L. -L/Users/alex/.rvm/rubies/ruby-2.0.0-p0/lib -L/Users/alex/.rvm/opt/libyaml/lib -L/Users/alex/.rvm/opt/readline/lib -L/Users/alex/.rvm/opt/libxml2/lib -L/Users/alex/.rvm/opt/libxslt/lib -L/Users/alex/.rvm/opt/libksba/lib -L/Users/alex/.rvm/opt/openssl/lib -L/Users/alex/.rvm/opt/sqlite/lib -L. -fstack-protector -L/Users/alex/.rvm/opt/libyaml/lib -L/Users/alex/.rvm/opt/readline/lib -L/Users/alex/.rvm/opt/libxml2/lib -L/Users/alex/.rvm/opt/libxslt/lib -L/Users/alex/.rvm/opt/libksba/lib -L/Users/alex/.rvm/opt/openssl/lib -L/Users/alex/.rvm/opt/sqlite/lib     -lsqlite3  -lruby.2.0.0 -lsqlite3  -lpthread -ldl -lobjc "
checked program was:
/* begin */
1: #include "ruby.h"
2: 
3: /*top*/
4: int main(void) {return 0;}
5: extern int t(void);
6: int t(void) { void ((*volatile p)()); p = (void ((*)()))rb_proc_arity; return 0; }
/* end */

--------------------

have_func: checking for sqlite3_initialize()... -------------------- yes

"/usr/bin/clang -o conftest -I/Users/alex/.rvm/rubies/ruby-2.0.0-p0/include/ruby-2.0.0/x86_64-darwin12.3.0 -I/Users/alex/.rvm/rubies/ruby-2.0.0-p0/include/ruby-2.0.0/ruby/backward -I/Users/alex/.rvm/rubies/ruby-2.0.0-p0/include/ruby-2.0.0 -I. -D_XOPEN_SOURCE -D_DARWIN_C_SOURCE -D_DARWIN_UNLIMITED_SELECT -D_REENTRANT -I/Users/alex/.rvm/opt/libyaml/include -I/Users/alex/.rvm/opt/readline/include -I/Users/alex/.rvm/opt/libxml2/include -I/Users/alex/.rvm/opt/libxslt/include -I/Users/alex/.rvm/opt/libksba/include -I/Users/alex/.rvm/opt/openssl/include -I/Users/alex/.rvm/opt/sqlite/include    -O3 -fno-fast-math -ggdb3 -Wall -Wextra -Wno-unused-parameter -Wno-parentheses -Wno-long-long -Wno-missing-field-initializers -Wunused-variable -Wpointer-arith -Wwrite-strings -Wdeclaration-after-statement -Wshorten-64-to-32 -Wimplicit-function-declaration  -fno-common -pipe conftest.c  -L. -L/Users/alex/.rvm/rubies/ruby-2.0.0-p0/lib -L/Users/alex/.rvm/opt/libyaml/lib -L/Users/alex/.rvm/opt/readline/lib -L/Users/alex/.rvm/opt/libxml2/lib -L/Users/alex/.rvm/opt/libxslt/lib -L/Users/alex/.rvm/opt/libksba/lib -L/Users/alex/.rvm/opt/openssl/lib -L/Users/alex/.rvm/opt/sqlite/lib -L. -fstack-protector -L/Users/alex/.rvm/opt/libyaml/lib -L/Users/alex/.rvm/opt/readline/lib -L/Users/alex/.rvm/opt/libxml2/lib -L/Users/alex/.rvm/opt/libxslt/lib -L/Users/alex/.rvm/opt/libksba/lib -L/Users/alex/.rvm/opt/openssl/lib -L/Users/alex/.rvm/opt/sqlite/lib     -lsqlite3  -lruby.2.0.0 -lsqlite3  -lpthread -ldl -lobjc "
conftest.c:6:57: error: use of undeclared identifier 'sqlite3_initialize'
int t(void) { void ((*volatile p)()); p = (void ((*)()))sqlite3_initialize; return 0; }
                                                        ^
1 error generated.
checked program was:
/* begin */
1: #include "ruby.h"
2: 
3: /*top*/
4: int main(void) {return 0;}
5: extern int t(void);
6: int t(void) { void ((*volatile p)()); p = (void ((*)()))sqlite3_initialize; return 0; }
/* end */

"/usr/bin/clang -o conftest -I/Users/alex/.rvm/rubies/ruby-2.0.0-p0/include/ruby-2.0.0/x86_64-darwin12.3.0 -I/Users/alex/.rvm/rubies/ruby-2.0.0-p0/include/ruby-2.0.0/ruby/backward -I/Users/alex/.rvm/rubies/ruby-2.0.0-p0/include/ruby-2.0.0 -I. -D_XOPEN_SOURCE -D_DARWIN_C_SOURCE -D_DARWIN_UNLIMITED_SELECT -D_REENTRANT -I/Users/alex/.rvm/opt/libyaml/include -I/Users/alex/.rvm/opt/readline/include -I/Users/alex/.rvm/opt/libxml2/include -I/Users/alex/.rvm/opt/libxslt/include -I/Users/alex/.rvm/opt/libksba/include -I/Users/alex/.rvm/opt/openssl/include -I/Users/alex/.rvm/opt/sqlite/include    -O3 -fno-fast-math -ggdb3 -Wall -Wextra -Wno-unused-parameter -Wno-parentheses -Wno-long-long -Wno-missing-field-initializers -Wunused-variable -Wpointer-arith -Wwrite-strings -Wdeclaration-after-statement -Wshorten-64-to-32 -Wimplicit-function-declaration  -fno-common -pipe conftest.c  -L. -L/Users/alex/.rvm/rubies/ruby-2.0.0-p0/lib -L/Users/alex/.rvm/opt/libyaml/lib -L/Users/alex/.rvm/opt/readline/lib -L/Users/alex/.rvm/opt/libxml2/lib -L/Users/alex/.rvm/opt/libxslt/lib -L/Users/alex/.rvm/opt/libksba/lib -L/Users/alex/.rvm/opt/openssl/lib -L/Users/alex/.rvm/opt/sqlite/lib -L. -fstack-protector -L/Users/alex/.rvm/opt/libyaml/lib -L/Users/alex/.rvm/opt/readline/lib -L/Users/alex/.rvm/opt/libxml2/lib -L/Users/alex/.rvm/opt/libxslt/lib -L/Users/alex/.rvm/opt/libksba/lib -L/Users/alex/.rvm/opt/openssl/lib -L/Users/alex/.rvm/opt/sqlite/lib     -lsqlite3  -lruby.2.0.0 -lsqlite3  -lpthread -ldl -lobjc "
conftest.c:6:15: warning: implicit declaration of function 'sqlite3_initialize' is invalid in C99 [-Wimplicit-function-declaration]
int t(void) { sqlite3_initialize(); return 0; }
              ^
1 warning generated.
checked program was:
/* begin */
1: #include "ruby.h"
2: 
3: /*top*/
4: int main(void) {return 0;}
5: extern int t(void);
6: int t(void) { sqlite3_initialize(); return 0; }
/* end */

--------------------

have_func: checking for sqlite3_backup_init()... -------------------- yes

"/usr/bin/clang -o conftest -I/Users/alex/.rvm/rubies/ruby-2.0.0-p0/include/ruby-2.0.0/x86_64-darwin12.3.0 -I/Users/alex/.rvm/rubies/ruby-2.0.0-p0/include/ruby-2.0.0/ruby/backward -I/Users/alex/.rvm/rubies/ruby-2.0.0-p0/include/ruby-2.0.0 -I. -D_XOPEN_SOURCE -D_DARWIN_C_SOURCE -D_DARWIN_UNLIMITED_SELECT -D_REENTRANT -I/Users/alex/.rvm/opt/libyaml/include -I/Users/alex/.rvm/opt/readline/include -I/Users/alex/.rvm/opt/libxml2/include -I/Users/alex/.rvm/opt/libxslt/include -I/Users/alex/.rvm/opt/libksba/include -I/Users/alex/.rvm/opt/openssl/include -I/Users/alex/.rvm/opt/sqlite/include    -O3 -fno-fast-math -ggdb3 -Wall -Wextra -Wno-unused-parameter -Wno-parentheses -Wno-long-long -Wno-missing-field-initializers -Wunused-variable -Wpointer-arith -Wwrite-strings -Wdeclaration-after-statement -Wshorten-64-to-32 -Wimplicit-function-declaration  -fno-common -pipe conftest.c  -L. -L/Users/alex/.rvm/rubies/ruby-2.0.0-p0/lib -L/Users/alex/.rvm/opt/libyaml/lib -L/Users/alex/.rvm/opt/readline/lib -L/Users/alex/.rvm/opt/libxml2/lib -L/Users/alex/.rvm/opt/libxslt/lib -L/Users/alex/.rvm/opt/libksba/lib -L/Users/alex/.rvm/opt/openssl/lib -L/Users/alex/.rvm/opt/sqlite/lib -L. -fstack-protector -L/Users/alex/.rvm/opt/libyaml/lib -L/Users/alex/.rvm/opt/readline/lib -L/Users/alex/.rvm/opt/libxml2/lib -L/Users/alex/.rvm/opt/libxslt/lib -L/Users/alex/.rvm/opt/libksba/lib -L/Users/alex/.rvm/opt/openssl/lib -L/Users/alex/.rvm/opt/sqlite/lib     -lsqlite3  -lruby.2.0.0 -lsqlite3  -lpthread -ldl -lobjc "
conftest.c:6:57: error: use of undeclared identifier 'sqlite3_backup_init'
int t(void) { void ((*volatile p)()); p = (void ((*)()))sqlite3_backup_init; return 0; }
                                                        ^
1 error generated.
checked program was:
/* begin */
1: #include "ruby.h"
2: 
3: /*top*/
4: int main(void) {return 0;}
5: extern int t(void);
6: int t(void) { void ((*volatile p)()); p = (void ((*)()))sqlite3_backup_init; return 0; }
/* end */

"/usr/bin/clang -o conftest -I/Users/alex/.rvm/rubies/ruby-2.0.0-p0/include/ruby-2.0.0/x86_64-darwin12.3.0 -I/Users/alex/.rvm/rubies/ruby-2.0.0-p0/include/ruby-2.0.0/ruby/backward -I/Users/alex/.rvm/rubies/ruby-2.0.0-p0/include/ruby-2.0.0 -I. -D_XOPEN_SOURCE -D_DARWIN_C_SOURCE -D_DARWIN_UNLIMITED_SELECT -D_REENTRANT -I/Users/alex/.rvm/opt/libyaml/include -I/Users/alex/.rvm/opt/readline/include -I/Users/alex/.rvm/opt/libxml2/include -I/Users/alex/.rvm/opt/libxslt/include -I/Users/alex/.rvm/opt/libksba/include -I/Users/alex/.rvm/opt/openssl/include -I/Users/alex/.rvm/opt/sqlite/include    -O3 -fno-fast-math -ggdb3 -Wall -Wextra -Wno-unused-parameter -Wno-parentheses -Wno-long-long -Wno-missing-field-initializers -Wunused-variable -Wpointer-arith -Wwrite-strings -Wdeclaration-after-statement -Wshorten-64-to-32 -Wimplicit-function-declaration  -fno-common -pipe conftest.c  -L. -L/Users/alex/.rvm/rubies/ruby-2.0.0-p0/lib -L/Users/alex/.rvm/opt/libyaml/lib -L/Users/alex/.rvm/opt/readline/lib -L/Users/alex/.rvm/opt/libxml2/lib -L/Users/alex/.rvm/opt/libxslt/lib -L/Users/alex/.rvm/opt/libksba/lib -L/Users/alex/.rvm/opt/openssl/lib -L/Users/alex/.rvm/opt/sqlite/lib -L. -fstack-protector -L/Users/alex/.rvm/opt/libyaml/lib -L/Users/alex/.rvm/opt/readline/lib -L/Users/alex/.rvm/opt/libxml2/lib -L/Users/alex/.rvm/opt/libxslt/lib -L/Users/alex/.rvm/opt/libksba/lib -L/Users/alex/.rvm/opt/openssl/lib -L/Users/alex/.rvm/opt/sqlite/lib     -lsqlite3  -lruby.2.0.0 -lsqlite3  -lpthread -ldl -lobjc "
conftest.c:6:15: warning: implicit declaration of function 'sqlite3_backup_init' is invalid in C99 [-Wimplicit-function-declaration]
int t(void) { sqlite3_backup_init(); return 0; }
              ^
1 warning generated.
checked program was:
/* begin */
1: #include "ruby.h"
2: 
3: /*top*/
4: int main(void) {return 0;}
5: extern int t(void);
6: int t(void) { sqlite3_backup_init(); return 0; }
/* end */

--------------------

have_func: checking for sqlite3_column_database_name()... -------------------- yes

"/usr/bin/clang -o conftest -I/Users/alex/.rvm/rubies/ruby-2.0.0-p0/include/ruby-2.0.0/x86_64-darwin12.3.0 -I/Users/alex/.rvm/rubies/ruby-2.0.0-p0/include/ruby-2.0.0/ruby/backward -I/Users/alex/.rvm/rubies/ruby-2.0.0-p0/include/ruby-2.0.0 -I. -D_XOPEN_SOURCE -D_DARWIN_C_SOURCE -D_DARWIN_UNLIMITED_SELECT -D_REENTRANT -I/Users/alex/.rvm/opt/libyaml/include -I/Users/alex/.rvm/opt/readline/include -I/Users/alex/.rvm/opt/libxml2/include -I/Users/alex/.rvm/opt/libxslt/include -I/Users/alex/.rvm/opt/libksba/include -I/Users/alex/.rvm/opt/openssl/include -I/Users/alex/.rvm/opt/sqlite/include    -O3 -fno-fast-math -ggdb3 -Wall -Wextra -Wno-unused-parameter -Wno-parentheses -Wno-long-long -Wno-missing-field-initializers -Wunused-variable -Wpointer-arith -Wwrite-strings -Wdeclaration-after-statement -Wshorten-64-to-32 -Wimplicit-function-declaration  -fno-common -pipe conftest.c  -L. -L/Users/alex/.rvm/rubies/ruby-2.0.0-p0/lib -L/Users/alex/.rvm/opt/libyaml/lib -L/Users/alex/.rvm/opt/readline/lib -L/Users/alex/.rvm/opt/libxml2/lib -L/Users/alex/.rvm/opt/libxslt/lib -L/Users/alex/.rvm/opt/libksba/lib -L/Users/alex/.rvm/opt/openssl/lib -L/Users/alex/.rvm/opt/sqlite/lib -L. -fstack-protector -L/Users/alex/.rvm/opt/libyaml/lib -L/Users/alex/.rvm/opt/readline/lib -L/Users/alex/.rvm/opt/libxml2/lib -L/Users/alex/.rvm/opt/libxslt/lib -L/Users/alex/.rvm/opt/libksba/lib -L/Users/alex/.rvm/opt/openssl/lib -L/Users/alex/.rvm/opt/sqlite/lib     -lsqlite3  -lruby.2.0.0 -lsqlite3  -lpthread -ldl -lobjc "
conftest.c:6:57: error: use of undeclared identifier 'sqlite3_column_database_name'
int t(void) { void ((*volatile p)()); p = (void ((*)()))sqlite3_column_database_name; return 0; }
                                                        ^
1 error generated.
checked program was:
/* begin */
1: #include "ruby.h"
2: 
3: /*top*/
4: int main(void) {return 0;}
5: extern int t(void);
6: int t(void) { void ((*volatile p)()); p = (void ((*)()))sqlite3_column_database_name; return 0; }
/* end */

"/usr/bin/clang -o conftest -I/Users/alex/.rvm/rubies/ruby-2.0.0-p0/include/ruby-2.0.0/x86_64-darwin12.3.0 -I/Users/alex/.rvm/rubies/ruby-2.0.0-p0/include/ruby-2.0.0/ruby/backward -I/Users/alex/.rvm/rubies/ruby-2.0.0-p0/include/ruby-2.0.0 -I. -D_XOPEN_SOURCE -D_DARWIN_C_SOURCE -D_DARWIN_UNLIMITED_SELECT -D_REENTRANT -I/Users/alex/.rvm/opt/libyaml/include -I/Users/alex/.rvm/opt/readline/include -I/Users/alex/.rvm/opt/libxml2/include -I/Users/alex/.rvm/opt/libxslt/include -I/Users/alex/.rvm/opt/libksba/include -I/Users/alex/.rvm/opt/openssl/include -I/Users/alex/.rvm/opt/sqlite/include    -O3 -fno-fast-math -ggdb3 -Wall -Wextra -Wno-unused-parameter -Wno-parentheses -Wno-long-long -Wno-missing-field-initializers -Wunused-variable -Wpointer-arith -Wwrite-strings -Wdeclaration-after-statement -Wshorten-64-to-32 -Wimplicit-function-declaration  -fno-common -pipe conftest.c  -L. -L/Users/alex/.rvm/rubies/ruby-2.0.0-p0/lib -L/Users/alex/.rvm/opt/libyaml/lib -L/Users/alex/.rvm/opt/readline/lib -L/Users/alex/.rvm/opt/libxml2/lib -L/Users/alex/.rvm/opt/libxslt/lib -L/Users/alex/.rvm/opt/libksba/lib -L/Users/alex/.rvm/opt/openssl/lib -L/Users/alex/.rvm/opt/sqlite/lib -L. -fstack-protector -L/Users/alex/.rvm/opt/libyaml/lib -L/Users/alex/.rvm/opt/readline/lib -L/Users/alex/.rvm/opt/libxml2/lib -L/Users/alex/.rvm/opt/libxslt/lib -L/Users/alex/.rvm/opt/libksba/lib -L/Users/alex/.rvm/opt/openssl/lib -L/Users/alex/.rvm/opt/sqlite/lib     -lsqlite3  -lruby.2.0.0 -lsqlite3  -lpthread -ldl -lobjc "
conftest.c:6:15: warning: implicit declaration of function 'sqlite3_column_database_name' is invalid in C99 [-Wimplicit-function-declaration]
int t(void) { sqlite3_column_database_name(); return 0; }
              ^
1 warning generated.
checked program was:
/* begin */
1: #include "ruby.h"
2: 
3: /*top*/
4: int main(void) {return 0;}
5: extern int t(void);
6: int t(void) { sqlite3_column_database_name(); return 0; }
/* end */

--------------------

have_func: checking for sqlite3_enable_load_extension()... -------------------- yes

"/usr/bin/clang -o conftest -I/Users/alex/.rvm/rubies/ruby-2.0.0-p0/include/ruby-2.0.0/x86_64-darwin12.3.0 -I/Users/alex/.rvm/rubies/ruby-2.0.0-p0/include/ruby-2.0.0/ruby/backward -I/Users/alex/.rvm/rubies/ruby-2.0.0-p0/include/ruby-2.0.0 -I. -D_XOPEN_SOURCE -D_DARWIN_C_SOURCE -D_DARWIN_UNLIMITED_SELECT -D_REENTRANT -I/Users/alex/.rvm/opt/libyaml/include -I/Users/alex/.rvm/opt/readline/include -I/Users/alex/.rvm/opt/libxml2/include -I/Users/alex/.rvm/opt/libxslt/include -I/Users/alex/.rvm/opt/libksba/include -I/Users/alex/.rvm/opt/openssl/include -I/Users/alex/.rvm/opt/sqlite/include    -O3 -fno-fast-math -ggdb3 -Wall -Wextra -Wno-unused-parameter -Wno-parentheses -Wno-long-long -Wno-missing-field-initializers -Wunused-variable -Wpointer-arith -Wwrite-strings -Wdeclaration-after-statement -Wshorten-64-to-32 -Wimplicit-function-declaration  -fno-common -pipe conftest.c  -L. -L/Users/alex/.rvm/rubies/ruby-2.0.0-p0/lib -L/Users/alex/.rvm/opt/libyaml/lib -L/Users/alex/.rvm/opt/readline/lib -L/Users/alex/.rvm/opt/libxml2/lib -L/Users/alex/.rvm/opt/libxslt/lib -L/Users/alex/.rvm/opt/libksba/lib -L/Users/alex/.rvm/opt/openssl/lib -L/Users/alex/.rvm/opt/sqlite/lib -L. -fstack-protector -L/Users/alex/.rvm/opt/libyaml/lib -L/Users/alex/.rvm/opt/readline/lib -L/Users/alex/.rvm/opt/libxml2/lib -L/Users/alex/.rvm/opt/libxslt/lib -L/Users/alex/.rvm/opt/libksba/lib -L/Users/alex/.rvm/opt/openssl/lib -L/Users/alex/.rvm/opt/sqlite/lib     -lsqlite3  -lruby.2.0.0 -lsqlite3  -lpthread -ldl -lobjc "
conftest.c:6:57: error: use of undeclared identifier 'sqlite3_enable_load_extension'
int t(void) { void ((*volatile p)()); p = (void ((*)()))sqlite3_enable_load_extension; return 0; }
                                                        ^
1 error generated.
checked program was:
/* begin */
1: #include "ruby.h"
2: 
3: /*top*/
4: int main(void) {return 0;}
5: extern int t(void);
6: int t(void) { void ((*volatile p)()); p = (void ((*)()))sqlite3_enable_load_extension; return 0; }
/* end */

"/usr/bin/clang -o conftest -I/Users/alex/.rvm/rubies/ruby-2.0.0-p0/include/ruby-2.0.0/x86_64-darwin12.3.0 -I/Users/alex/.rvm/rubies/ruby-2.0.0-p0/include/ruby-2.0.0/ruby/backward -I/Users/alex/.rvm/rubies/ruby-2.0.0-p0/include/ruby-2.0.0 -I. -D_XOPEN_SOURCE -D_DARWIN_C_SOURCE -D_DARWIN_UNLIMITED_SELECT -D_REENTRANT -I/Users/alex/.rvm/opt/libyaml/include -I/Users/alex/.rvm/opt/readline/include -I/Users/alex/.rvm/opt/libxml2/include -I/Users/alex/.rvm/opt/libxslt/include -I/Users/alex/.rvm/opt/libksba/include -I/Users/alex/.rvm/opt/openssl/include -I/Users/alex/.rvm/opt/sqlite/include    -O3 -fno-fast-math -ggdb3 -Wall -Wextra -Wno-unused-parameter -Wno-parentheses -Wno-long-long -Wno-missing-field-initializers -Wunused-variable -Wpointer-arith -Wwrite-strings -Wdeclaration-after-statement -Wshorten-64-to-32 -Wimplicit-function-declaration  -fno-common -pipe conftest.c  -L. -L/Users/alex/.rvm/rubies/ruby-2.0.0-p0/lib -L/Users/alex/.rvm/opt/libyaml/lib -L/Users/alex/.rvm/opt/readline/lib -L/Users/alex/.rvm/opt/libxml2/lib -L/Users/alex/.rvm/opt/libxslt/lib -L/Users/alex/.rvm/opt/libksba/lib -L/Users/alex/.rvm/opt/openssl/lib -L/Users/alex/.rvm/opt/sqlite/lib -L. -fstack-protector -L/Users/alex/.rvm/opt/libyaml/lib -L/Users/alex/.rvm/opt/readline/lib -L/Users/alex/.rvm/opt/libxml2/lib -L/Users/alex/.rvm/opt/libxslt/lib -L/Users/alex/.rvm/opt/libksba/lib -L/Users/alex/.rvm/opt/openssl/lib -L/Users/alex/.rvm/opt/sqlite/lib     -lsqlite3  -lruby.2.0.0 -lsqlite3  -lpthread -ldl -lobjc "
conftest.c:6:15: warning: implicit declaration of function 'sqlite3_enable_load_extension' is invalid in C99 [-Wimplicit-function-declaration]
int t(void) { sqlite3_enable_load_extension(); return 0; }
              ^
1 warning generated.
checked program was:
/* begin */
1: #include "ruby.h"
2: 
3: /*top*/
4: int main(void) {return 0;}
5: extern int t(void);
6: int t(void) { sqlite3_enable_load_extension(); return 0; }
/* end */

--------------------

have_func: checking for sqlite3_load_extension()... -------------------- yes

"/usr/bin/clang -o conftest -I/Users/alex/.rvm/rubies/ruby-2.0.0-p0/include/ruby-2.0.0/x86_64-darwin12.3.0 -I/Users/alex/.rvm/rubies/ruby-2.0.0-p0/include/ruby-2.0.0/ruby/backward -I/Users/alex/.rvm/rubies/ruby-2.0.0-p0/include/ruby-2.0.0 -I. -D_XOPEN_SOURCE -D_DARWIN_C_SOURCE -D_DARWIN_UNLIMITED_SELECT -D_REENTRANT -I/Users/alex/.rvm/opt/libyaml/include -I/Users/alex/.rvm/opt/readline/include -I/Users/alex/.rvm/opt/libxml2/include -I/Users/alex/.rvm/opt/libxslt/include -I/Users/alex/.rvm/opt/libksba/include -I/Users/alex/.rvm/opt/openssl/include -I/Users/alex/.rvm/opt/sqlite/include    -O3 -fno-fast-math -ggdb3 -Wall -Wextra -Wno-unused-parameter -Wno-parentheses -Wno-long-long -Wno-missing-field-initializers -Wunused-variable -Wpointer-arith -Wwrite-strings -Wdeclaration-after-statement -Wshorten-64-to-32 -Wimplicit-function-declaration  -fno-common -pipe conftest.c  -L. -L/Users/alex/.rvm/rubies/ruby-2.0.0-p0/lib -L/Users/alex/.rvm/opt/libyaml/lib -L/Users/alex/.rvm/opt/readline/lib -L/Users/alex/.rvm/opt/libxml2/lib -L/Users/alex/.rvm/opt/libxslt/lib -L/Users/alex/.rvm/opt/libksba/lib -L/Users/alex/.rvm/opt/openssl/lib -L/Users/alex/.rvm/opt/sqlite/lib -L. -fstack-protector -L/Users/alex/.rvm/opt/libyaml/lib -L/Users/alex/.rvm/opt/readline/lib -L/Users/alex/.rvm/opt/libxml2/lib -L/Users/alex/.rvm/opt/libxslt/lib -L/Users/alex/.rvm/opt/libksba/lib -L/Users/alex/.rvm/opt/openssl/lib -L/Users/alex/.rvm/opt/sqlite/lib     -lsqlite3  -lruby.2.0.0 -lsqlite3  -lpthread -ldl -lobjc "
conftest.c:6:57: error: use of undeclared identifier 'sqlite3_load_extension'
int t(void) { void ((*volatile p)()); p = (void ((*)()))sqlite3_load_extension; return 0; }
                                                        ^
1 error generated.
checked program was:
/* begin */
1: #include "ruby.h"
2: 
3: /*top*/
4: int main(void) {return 0;}
5: extern int t(void);
6: int t(void) { void ((*volatile p)()); p = (void ((*)()))sqlite3_load_extension; return 0; }
/* end */

"/usr/bin/clang -o conftest -I/Users/alex/.rvm/rubies/ruby-2.0.0-p0/include/ruby-2.0.0/x86_64-darwin12.3.0 -I/Users/alex/.rvm/rubies/ruby-2.0.0-p0/include/ruby-2.0.0/ruby/backward -I/Users/alex/.rvm/rubies/ruby-2.0.0-p0/include/ruby-2.0.0 -I. -D_XOPEN_SOURCE -D_DARWIN_C_SOURCE -D_DARWIN_UNLIMITED_SELECT -D_REENTRANT -I/Users/alex/.rvm/opt/libyaml/include -I/Users/alex/.rvm/opt/readline/include -I/Users/alex/.rvm/opt/libxml2/include -I/Users/alex/.rvm/opt/libxslt/include -I/Users/alex/.rvm/opt/libksba/include -I/Users/alex/.rvm/opt/openssl/include -I/Users/alex/.rvm/opt/sqlite/include    -O3 -fno-fast-math -ggdb3 -Wall -Wextra -Wno-unused-parameter -Wno-parentheses -Wno-long-long -Wno-missing-field-initializers -Wunused-variable -Wpointer-arith -Wwrite-strings -Wdeclaration-after-statement -Wshorten-64-to-32 -Wimplicit-function-declaration  -fno-common -pipe conftest.c  -L. -L/Users/alex/.rvm/rubies/ruby-2.0.0-p0/lib -L/Users/alex/.rvm/opt/libyaml/lib -L/Users/alex/.rvm/opt/readline/lib -L/Users/alex/.rvm/opt/libxml2/lib -L/Users/alex/.rvm/opt/libxslt/lib -L/Users/alex/.rvm/opt/libksba/lib -L/Users/alex/.rvm/opt/openssl/lib -L/Users/alex/.rvm/opt/sqlite/lib -L. -fstack-protector -L/Users/alex/.rvm/opt/libyaml/lib -L/Users/alex/.rvm/opt/readline/lib -L/Users/alex/.rvm/opt/libxml2/lib -L/Users/alex/.rvm/opt/libxslt/lib -L/Users/alex/.rvm/opt/libksba/lib -L/Users/alex/.rvm/opt/openssl/lib -L/Users/alex/.rvm/opt/sqlite/lib     -lsqlite3  -lruby.2.0.0 -lsqlite3  -lpthread -ldl -lobjc "
conftest.c:6:15: warning: implicit declaration of function 'sqlite3_load_extension' is invalid in C99 [-Wimplicit-function-declaration]
int t(void) { sqlite3_load_extension(); return 0; }
              ^
1 warning generated.
checked program was:
/* begin */
1: #include "ruby.h"
2: 
3: /*top*/
4: int main(void) {return 0;}
5: extern int t(void);
6: int t(void) { sqlite3_load_extension(); return 0; }
/* end */

--------------------

have_func: checking for sqlite3_open_v2()... -------------------- yes

"/usr/bin/clang -o conftest -I/Users/alex/.rvm/rubies/ruby-2.0.0-p0/include/ruby-2.0.0/x86_64-darwin12.3.0 -I/Users/alex/.rvm/rubies/ruby-2.0.0-p0/include/ruby-2.0.0/ruby/backward -I/Users/alex/.rvm/rubies/ruby-2.0.0-p0/include/ruby-2.0.0 -I. -D_XOPEN_SOURCE -D_DARWIN_C_SOURCE -D_DARWIN_UNLIMITED_SELECT -D_REENTRANT -I/Users/alex/.rvm/opt/libyaml/include -I/Users/alex/.rvm/opt/readline/include -I/Users/alex/.rvm/opt/libxml2/include -I/Users/alex/.rvm/opt/libxslt/include -I/Users/alex/.rvm/opt/libksba/include -I/Users/alex/.rvm/opt/openssl/include -I/Users/alex/.rvm/opt/sqlite/include    -O3 -fno-fast-math -ggdb3 -Wall -Wextra -Wno-unused-parameter -Wno-parentheses -Wno-long-long -Wno-missing-field-initializers -Wunused-variable -Wpointer-arith -Wwrite-strings -Wdeclaration-after-statement -Wshorten-64-to-32 -Wimplicit-function-declaration  -fno-common -pipe conftest.c  -L. -L/Users/alex/.rvm/rubies/ruby-2.0.0-p0/lib -L/Users/alex/.rvm/opt/libyaml/lib -L/Users/alex/.rvm/opt/readline/lib -L/Users/alex/.rvm/opt/libxml2/lib -L/Users/alex/.rvm/opt/libxslt/lib -L/Users/alex/.rvm/opt/libksba/lib -L/Users/alex/.rvm/opt/openssl/lib -L/Users/alex/.rvm/opt/sqlite/lib -L. -fstack-protector -L/Users/alex/.rvm/opt/libyaml/lib -L/Users/alex/.rvm/opt/readline/lib -L/Users/alex/.rvm/opt/libxml2/lib -L/Users/alex/.rvm/opt/libxslt/lib -L/Users/alex/.rvm/opt/libksba/lib -L/Users/alex/.rvm/opt/openssl/lib -L/Users/alex/.rvm/opt/sqlite/lib     -lsqlite3  -lruby.2.0.0 -lsqlite3  -lpthread -ldl -lobjc "
conftest.c:6:57: error: use of undeclared identifier 'sqlite3_open_v2'
int t(void) { void ((*volatile p)()); p = (void ((*)()))sqlite3_open_v2; return 0; }
                                                        ^
1 error generated.
checked program was:
/* begin */
1: #include "ruby.h"
2: 
3: /*top*/
4: int main(void) {return 0;}
5: extern int t(void);
6: int t(void) { void ((*volatile p)()); p = (void ((*)()))sqlite3_open_v2; return 0; }
/* end */

"/usr/bin/clang -o conftest -I/Users/alex/.rvm/rubies/ruby-2.0.0-p0/include/ruby-2.0.0/x86_64-darwin12.3.0 -I/Users/alex/.rvm/rubies/ruby-2.0.0-p0/include/ruby-2.0.0/ruby/backward -I/Users/alex/.rvm/rubies/ruby-2.0.0-p0/include/ruby-2.0.0 -I. -D_XOPEN_SOURCE -D_DARWIN_C_SOURCE -D_DARWIN_UNLIMITED_SELECT -D_REENTRANT -I/Users/alex/.rvm/opt/libyaml/include -I/Users/alex/.rvm/opt/readline/include -I/Users/alex/.rvm/opt/libxml2/include -I/Users/alex/.rvm/opt/libxslt/include -I/Users/alex/.rvm/opt/libksba/include -I/Users/alex/.rvm/opt/openssl/include -I/Users/alex/.rvm/opt/sqlite/include    -O3 -fno-fast-math -ggdb3 -Wall -Wextra -Wno-unused-parameter -Wno-parentheses -Wno-long-long -Wno-missing-field-initializers -Wunused-variable -Wpointer-arith -Wwrite-strings -Wdeclaration-after-statement -Wshorten-64-to-32 -Wimplicit-function-declaration  -fno-common -pipe conftest.c  -L. -L/Users/alex/.rvm/rubies/ruby-2.0.0-p0/lib -L/Users/alex/.rvm/opt/libyaml/lib -L/Users/alex/.rvm/opt/readline/lib -L/Users/alex/.rvm/opt/libxml2/lib -L/Users/alex/.rvm/opt/libxslt/lib -L/Users/alex/.rvm/opt/libksba/lib -L/Users/alex/.rvm/opt/openssl/lib -L/Users/alex/.rvm/opt/sqlite/lib -L. -fstack-protector -L/Users/alex/.rvm/opt/libyaml/lib -L/Users/alex/.rvm/opt/readline/lib -L/Users/alex/.rvm/opt/libxml2/lib -L/Users/alex/.rvm/opt/libxslt/lib -L/Users/alex/.rvm/opt/libksba/lib -L/Users/alex/.rvm/opt/openssl/lib -L/Users/alex/.rvm/opt/sqlite/lib     -lsqlite3  -lruby.2.0.0 -lsqlite3  -lpthread -ldl -lobjc "
conftest.c:6:15: warning: implicit declaration of function 'sqlite3_open_v2' is invalid in C99 [-Wimplicit-function-declaration]
int t(void) { sqlite3_open_v2(); return 0; }
              ^
1 warning generated.
checked program was:
/* begin */
1: #include "ruby.h"
2: 
3: /*top*/
4: int main(void) {return 0;}
5: extern int t(void);
6: int t(void) { sqlite3_open_v2(); return 0; }
/* end */

--------------------

have_func: checking for sqlite3_prepare_v2()... -------------------- yes

"/usr/bin/clang -o conftest -I/Users/alex/.rvm/rubies/ruby-2.0.0-p0/include/ruby-2.0.0/x86_64-darwin12.3.0 -I/Users/alex/.rvm/rubies/ruby-2.0.0-p0/include/ruby-2.0.0/ruby/backward -I/Users/alex/.rvm/rubies/ruby-2.0.0-p0/include/ruby-2.0.0 -I. -D_XOPEN_SOURCE -D_DARWIN_C_SOURCE -D_DARWIN_UNLIMITED_SELECT -D_REENTRANT -I/Users/alex/.rvm/opt/libyaml/include -I/Users/alex/.rvm/opt/readline/include -I/Users/alex/.rvm/opt/libxml2/include -I/Users/alex/.rvm/opt/libxslt/include -I/Users/alex/.rvm/opt/libksba/include -I/Users/alex/.rvm/opt/openssl/include -I/Users/alex/.rvm/opt/sqlite/include    -O3 -fno-fast-math -ggdb3 -Wall -Wextra -Wno-unused-parameter -Wno-parentheses -Wno-long-long -Wno-missing-field-initializers -Wunused-variable -Wpointer-arith -Wwrite-strings -Wdeclaration-after-statement -Wshorten-64-to-32 -Wimplicit-function-declaration  -fno-common -pipe conftest.c  -L. -L/Users/alex/.rvm/rubies/ruby-2.0.0-p0/lib -L/Users/alex/.rvm/opt/libyaml/lib -L/Users/alex/.rvm/opt/readline/lib -L/Users/alex/.rvm/opt/libxml2/lib -L/Users/alex/.rvm/opt/libxslt/lib -L/Users/alex/.rvm/opt/libksba/lib -L/Users/alex/.rvm/opt/openssl/lib -L/Users/alex/.rvm/opt/sqlite/lib -L. -fstack-protector -L/Users/alex/.rvm/opt/libyaml/lib -L/Users/alex/.rvm/opt/readline/lib -L/Users/alex/.rvm/opt/libxml2/lib -L/Users/alex/.rvm/opt/libxslt/lib -L/Users/alex/.rvm/opt/libksba/lib -L/Users/alex/.rvm/opt/openssl/lib -L/Users/alex/.rvm/opt/sqlite/lib     -lsqlite3  -lruby.2.0.0 -lsqlite3  -lpthread -ldl -lobjc "
conftest.c:6:57: error: use of undeclared identifier 'sqlite3_prepare_v2'
int t(void) { void ((*volatile p)()); p = (void ((*)()))sqlite3_prepare_v2; return 0; }
                                                        ^
1 error generated.
checked program was:
/* begin */
1: #include "ruby.h"
2: 
3: /*top*/
4: int main(void) {return 0;}
5: extern int t(void);
6: int t(void) { void ((*volatile p)()); p = (void ((*)()))sqlite3_prepare_v2; return 0; }
/* end */

"/usr/bin/clang -o conftest -I/Users/alex/.rvm/rubies/ruby-2.0.0-p0/include/ruby-2.0.0/x86_64-darwin12.3.0 -I/Users/alex/.rvm/rubies/ruby-2.0.0-p0/include/ruby-2.0.0/ruby/backward -I/Users/alex/.rvm/rubies/ruby-2.0.0-p0/include/ruby-2.0.0 -I. -D_XOPEN_SOURCE -D_DARWIN_C_SOURCE -D_DARWIN_UNLIMITED_SELECT -D_REENTRANT -I/Users/alex/.rvm/opt/libyaml/include -I/Users/alex/.rvm/opt/readline/include -I/Users/alex/.rvm/opt/libxml2/include -I/Users/alex/.rvm/opt/libxslt/include -I/Users/alex/.rvm/opt/libksba/include -I/Users/alex/.rvm/opt/openssl/include -I/Users/alex/.rvm/opt/sqlite/include    -O3 -fno-fast-math -ggdb3 -Wall -Wextra -Wno-unused-parameter -Wno-parentheses -Wno-long-long -Wno-missing-field-initializers -Wunused-variable -Wpointer-arith -Wwrite-strings -Wdeclaration-after-statement -Wshorten-64-to-32 -Wimplicit-function-declaration  -fno-common -pipe conftest.c  -L. -L/Users/alex/.rvm/rubies/ruby-2.0.0-p0/lib -L/Users/alex/.rvm/opt/libyaml/lib -L/Users/alex/.rvm/opt/readline/lib -L/Users/alex/.rvm/opt/libxml2/lib -L/Users/alex/.rvm/opt/libxslt/lib -L/Users/alex/.rvm/opt/libksba/lib -L/Users/alex/.rvm/opt/openssl/lib -L/Users/alex/.rvm/opt/sqlite/lib -L. -fstack-protector -L/Users/alex/.rvm/opt/libyaml/lib -L/Users/alex/.rvm/opt/readline/lib -L/Users/alex/.rvm/opt/libxml2/lib -L/Users/alex/.rvm/opt/libxslt/lib -L/Users/alex/.rvm/opt/libksba/lib -L/Users/alex/.rvm/opt/openssl/lib -L/Users/alex/.rvm/opt/sqlite/lib     -lsqlite3  -lruby.2.0.0 -lsqlite3  -lpthread -ldl -lobjc "
conftest.c:6:15: warning: implicit declaration of function 'sqlite3_prepare_v2' is invalid in C99 [-Wimplicit-function-declaration]
int t(void) { sqlite3_prepare_v2(); return 0; }
              ^
1 warning generated.
checked program was:
/* begin */
1: #include "ruby.h"
2: 
3: /*top*/
4: int main(void) {return 0;}
5: extern int t(void);
6: int t(void) { sqlite3_prepare_v2(); return 0; }
/* end */

--------------------

have_type: checking for sqlite3_int64 in sqlite3.h... -------------------- yes

"/usr/bin/clang -I/Users/alex/.rvm/rubies/ruby-2.0.0-p0/include/ruby-2.0.0/x86_64-darwin12.3.0 -I/Users/alex/.rvm/rubies/ruby-2.0.0-p0/include/ruby-2.0.0/ruby/backward -I/Users/alex/.rvm/rubies/ruby-2.0.0-p0/include/ruby-2.0.0 -I. -D_XOPEN_SOURCE -D_DARWIN_C_SOURCE -D_DARWIN_UNLIMITED_SELECT -D_REENTRANT -I/Users/alex/.rvm/opt/libyaml/include -I/Users/alex/.rvm/opt/readline/include -I/Users/alex/.rvm/opt/libxml2/include -I/Users/alex/.rvm/opt/libxslt/include -I/Users/alex/.rvm/opt/libksba/include -I/Users/alex/.rvm/opt/openssl/include -I/Users/alex/.rvm/opt/sqlite/include    -O3 -fno-fast-math -ggdb3 -Wall -Wextra -Wno-unused-parameter -Wno-parentheses -Wno-long-long -Wno-missing-field-initializers -Wunused-variable -Wpointer-arith -Wwrite-strings -Wdeclaration-after-statement -Wshorten-64-to-32 -Wimplicit-function-declaration  -fno-common -pipe   -c conftest.c"
checked program was:
/* begin */
1: #include "ruby.h"
2: 
3: #include <sqlite3.h>
4: 
5: /*top*/
6: typedef sqlite3_int64 conftest_type;
7: int conftestval[sizeof(conftest_type)?1:-1];
/* end */

--------------------

have_type: checking for sqlite3_uint64 in sqlite3.h... -------------------- yes

"/usr/bin/clang -I/Users/alex/.rvm/rubies/ruby-2.0.0-p0/include/ruby-2.0.0/x86_64-darwin12.3.0 -I/Users/alex/.rvm/rubies/ruby-2.0.0-p0/include/ruby-2.0.0/ruby/backward -I/Users/alex/.rvm/rubies/ruby-2.0.0-p0/include/ruby-2.0.0 -I. -D_XOPEN_SOURCE -D_DARWIN_C_SOURCE -D_DARWIN_UNLIMITED_SELECT -D_REENTRANT -I/Users/alex/.rvm/opt/libyaml/include -I/Users/alex/.rvm/opt/readline/include -I/Users/alex/.rvm/opt/libxml2/include -I/Users/alex/.rvm/opt/libxslt/include -I/Users/alex/.rvm/opt/libksba/include -I/Users/alex/.rvm/opt/openssl/include -I/Users/alex/.rvm/opt/sqlite/include    -O3 -fno-fast-math -ggdb3 -Wall -Wextra -Wno-unused-parameter -Wno-parentheses -Wno-long-long -Wno-missing-field-initializers -Wunused-variable -Wpointer-arith -Wwrite-strings -Wdeclaration-after-statement -Wshorten-64-to-32 -Wimplicit-function-declaration  -fno-common -pipe   -c conftest.c"
checked program was:
/* begin */
1: #include "ruby.h"
2: 
3: #include <sqlite3.h>
4: 
5: /*top*/
6: typedef sqlite3_uint64 conftest_type;
7: int conftestval[sizeof(conftest_type)?1:-1];
/* end */

--------------------

